c:\users\tokusunei\documents\github\mentalrhythm\mentalrhythm\mentalrhythm\mentalrhythm\debug\vc141.pdb
c:\users\tokusunei\documents\github\mentalrhythm\mentalrhythm\mentalrhythm\mentalrhythm\debug\vc141.idb
c:\users\tokusunei\documents\github\mentalrhythm\mentalrhythm\mentalrhythm\mentalrhythm\debug\sim.obj
c:\users\tokusunei\documents\github\mentalrhythm\mentalrhythm\mentalrhythm\mentalrhythm\debug\main.obj
c:\users\tokusunei\documents\github\mentalrhythm\mentalrhythm\mentalrhythm\mentalrhythm\debug\consoleprint.obj
c:\users\tokusunei\desktop\mentalrhythm\mentalrhythm\mentalrhythm\mentalrhythm\debug\vc141.pdb
c:\users\tokusunei\desktop\mentalrhythm\mentalrhythm\mentalrhythm\mentalrhythm\debug\vc141.idb
c:\users\tokusunei\desktop\mentalrhythm\mentalrhythm\mentalrhythm\mentalrhythm\debug\consoleprint.obj
c:\users\tokusunei\desktop\mentalrhythm\mentalrhythm\mentalrhythm\mentalrhythm\debug\sim.obj
c:\users\tokusunei\documents\github\mentalrhythm\mentalrhythm\debug\mentalrhythm.exe
c:\users\tokusunei\documents\github\mentalrhythm\mentalrhythm\debug\mentalrhythm.ilk
c:\users\tokusunei\documents\github\mentalrhythm\mentalrhythm\debug\mentalrhythm.pdb
c:\users\tokusunei\documents\github\mentalrhythm\mentalrhythm\mentalrhythm\debug\mentalrhythm.exe
c:\users\tokusunei\documents\github\mentalrhythm\mentalrhythm\mentalrhythm\debug\mentalrhythm.ilk
c:\users\tokusunei\documents\github\mentalrhythm\mentalrhythm\mentalrhythm\debug\mentalrhythm.pdb
c:\users\tokusunei\desktop\mentalrhythm\mentalrhythm\mentalrhythm\mentalrhythm\debug\main.obj
c:\users\tokusunei\desktop\mentalrhythm\mentalrhythm\mentalrhythm\debug\mentalrhythm.pdb
c:\users\tokusunei\desktop\mentalrhythm\mentalrhythm\mentalrhythm\mentalrhythm\debug\mentalrhythm.tlog\cl.command.1.tlog
c:\users\tokusunei\desktop\mentalrhythm\mentalrhythm\mentalrhythm\mentalrhythm\debug\mentalrhythm.tlog\cl.read.1.tlog
c:\users\tokusunei\desktop\mentalrhythm\mentalrhythm\mentalrhythm\mentalrhythm\debug\mentalrhythm.tlog\cl.write.1.tlog
c:\users\tokusunei\desktop\mentalrhythm\mentalrhythm\mentalrhythm\mentalrhythm\debug\mentalrhythm.tlog\link-cvtres.read.1.tlog
c:\users\tokusunei\desktop\mentalrhythm\mentalrhythm\mentalrhythm\mentalrhythm\debug\mentalrhythm.tlog\link-cvtres.write.1.tlog
c:\users\tokusunei\desktop\mentalrhythm\mentalrhythm\mentalrhythm\mentalrhythm\debug\mentalrhythm.tlog\link-rc.read.1.tlog
c:\users\tokusunei\desktop\mentalrhythm\mentalrhythm\mentalrhythm\mentalrhythm\debug\mentalrhythm.tlog\link-rc.write.1.tlog
c:\users\tokusunei\desktop\mentalrhythm\mentalrhythm\mentalrhythm\mentalrhythm\debug\mentalrhythm.tlog\link.command.1.tlog
c:\users\tokusunei\desktop\mentalrhythm\mentalrhythm\mentalrhythm\mentalrhythm\debug\mentalrhythm.tlog\link.read.1.tlog
c:\users\tokusunei\desktop\mentalrhythm\mentalrhythm\mentalrhythm\mentalrhythm\debug\mentalrhythm.tlog\link.write.1.tlog
